1421218381713[class name]  INFO:   java.lang.NumberFormatException: null
1421218381713[class name]  INFO:   Login
1421218381715[class name]  INFO:   jxl.read.biff.BiffException: The input file was not found
1421287713296[class name]  INFO:   Adding HA_BookAHotel to execution list
1421287719345[class name]  INFO:   jxl.read.biff.BiffException: The input file was not found
1421287719345[class name]  INFO:   Login
1421287719362[class name]  INFO:   jxl.read.biff.BiffException: The input file was not found
1421287763242[class name]  INFO:   Adding HA_BookAHotel to execution list
1421287769885[class name]  INFO:   jxl.read.biff.BiffException: The input file was not found
1421287769885[class name]  INFO:   Login
1421287769902[class name]  INFO:   jxl.read.biff.BiffException: The input file was not found
1421293402045[class name]  INFO:   Adding HA_BookAHotel to execution list
1421293406876[class name]  INFO:   jxl.read.biff.BiffException: The input file was not found
1421293406876[class name]  INFO:   Login
1421293406893[class name]  INFO:   jxl.read.biff.BiffException: The input file was not found
1421295442644[class name]  INFO:   Adding HA_BookAHotel to execution list
1421295472399[class name]  INFO:   jxl.read.biff.BiffException: The input file was not found
1421295472399[class name]  INFO:   Login
1421295472415[class name]  INFO:   jxl.read.biff.BiffException: The input file was not found
1421295545478[class name]  INFO:   Adding HA_BookAHotel to execution list
1421295550758[class name]  INFO:   java.lang.NullPointerException
1421295550758[class name]  INFO:   Login
1421295550758[class name]  INFO:   java.lang.NullPointerException
1421295659515[class name]  INFO:   Adding HA_BookAHotel to execution list
1421295660329[class name]  INFO:   Adding HA_BookAHotel to execution list
1421295661027[class name]  INFO:   Adding HA_BookAHotel to execution list
1421295665344[class name]  INFO:   java.lang.NullPointerException
1421295665344[class name]  INFO:   Login
1421295665359[class name]  INFO:   java.lang.NullPointerException
1421295665411[class name]  INFO:   java.lang.NullPointerException
1421295665411[class name]  INFO:   Login
1421295665411[class name]  INFO:   java.lang.NullPointerException
1421295670154[class name]  INFO:   java.lang.NullPointerException
1421295670154[class name]  INFO:   Login
1421295670154[class name]  INFO:   java.lang.NullPointerException
1421296379867[class name]  INFO:   Adding HA_BookAHotel to execution list
1421296403373[class name]  INFO:   java.lang.NumberFormatException: null
1421296403373[class name]  INFO:   Login
1421296507880[class name]  INFO:   Adding HA_BookAHotel to execution list
1421296513023[class name]  INFO:   java.lang.NumberFormatException: null
1421296513023[class name]  INFO:   Login
1421296585584[class name]  INFO:   Adding HA_BookAHotel to execution list
1421296590602[class name]  INFO:   java.lang.NumberFormatException: null
1421296590602[class name]  INFO:   Login
1421296787588[class name]  INFO:   Adding HA_BookAHotel to execution list
1421297271320[class name]  INFO:   Adding HA_BookAHotel to execution list
1421297274995[class name]  INFO:   java.lang.NumberFormatException: null
1421297274995[class name]  INFO:   Login
1421297310156[class name]  INFO:   Adding HA_BookAHotel to execution list
1421297315608[class name]  INFO:   java.lang.NumberFormatException: null
1421297315608[class name]  INFO:   Login
1421297709751[class name]  INFO:   Adding HA_BookAHotel to execution list
1421297713629[class name]  INFO:   Login
1421297789120[class name]  INFO:   Adding HA_BookAHotel to execution list
1421297793914[class name]  INFO:   Login
1421297888024[class name]  INFO:   Adding HA_BookAHotel to execution list
1421297937275[class name]  INFO:   Login
